Setting variables
Loading recipes
Validating point recipes
Validating lateral recipes
Generating grid
Generating terrain
Setting variables
Loading recipes
Validating point recipes
Validating lateral recipes
Generating grid
Generating terrain
Setting variables
Loading recipes
Validating point recipes
Validating lateral recipes
Generating grid
Generating terrain
Setting variables
Loading recipes
Validating point recipes
Validating lateral recipes
Generating grid
Generating terrain
Setting variables
Loading recipes
Validating point recipes
Validating lateral recipes
Generating grid
Generating terrain
Setting variables
Loading recipes
Validating point recipes
Validating lateral recipes
Generating grid
Generating terrain
Setting variables
Loading recipes
Validating point recipes
Validating lateral recipes
Generating grid
Generating terrain
Setting variables
Setting variables
Loading recipes
Validating point recipes
Validating lateral recipes
Generating grid
Generating terrain
Setting variables
Loading recipes
Validating point recipes
Validating lateral recipes
Generating grid
Generating terrain
Setting variables
Loading recipes
Validating point recipes
Validating lateral recipes
Generating grid
Generating terrain
Setting variables
Loading recipes
Validating point recipes
Validating lateral recipes
Generating grid
Generating terrain
Setting variables
Loading recipes
Validating point recipes
Validating lateral recipes
Generating grid
Generating terrain
Setting variables
Loading recipes
Validating point recipes
Validating lateral recipes
Generating grid
Generating terrain
Setting variables
Loading recipes
Validating point recipes
Validating lateral recipes
Generating grid
Generating terrain
Setting variables
Loading recipes
Validating point recipes
Validating lateral recipes
Generating grid
Generating terrain
Setting variables
Loading recipes
Validating point recipes
Validating lateral recipes
Generating grid
Generating terrain
Generating water
Setting variables
Loading recipes
Validating point recipes
Validating lateral recipes
Generating grid
Generating terrain
Generating water
Generating air
Generating mantle
Creating the heavens
### BEGINNING THE SIMULATION ###
Starting step 0
Setting variables
Loading recipes
Validating point recipes
Validating lateral recipes
Generating grid
Generating terrain
Generating water
Generating air
Generating mantle
Creating the heavens
### BEGINNING THE SIMULATION ###
Starting step 0
Setting variables
Loading recipes
Validating point recipes
Validating lateral recipes
Generating grid
Generating terrain
Generating water
Generating air
Generating mantle
Creating the heavens
### BEGINNING THE SIMULATION ###
Starting step 0
Setting variables
Loading recipes
Validating point recipes
Validating lateral recipes
Generating grid
Generating terrain
Generating water
Generating air
Generating mantle
Creating the heavens
### BEGINNING THE SIMULATION ###
Starting step 0
Setting variables
Loading recipes
Validating point recipes
Validating lateral recipes
Generating grid
Generating terrain
Generating water
Generating air
Generating mantle
Creating the heavens
### BEGINNING THE SIMULATION ###
Starting step 0
Setting variables
Loading recipes
Validating point recipes
Validating lateral recipes
Generating grid
Generating terrain
Generating water
Generating air
Generating mantle
Creating the heavens
### BEGINNING THE SIMULATION ###
Starting step 0
Setting variables
Loading recipes
Validating point recipes
Validating lateral recipes
Generating grid
Generating terrain
Generating water
Generating air
Generating mantle
Creating the heavens
### BEGINNING THE SIMULATION ###
Starting step 0
Setting variables
Loading recipes
Validating point recipes
Validating lateral recipes
Generating grid
Generating terrain
Generating water
Generating air
Generating mantle
Creating the heavens
### BEGINNING THE SIMULATION ###
Starting step 0
Setting variables
Loading recipes
Validating point recipes
Validating lateral recipes
Generating grid
Generating terrain
Generating water
Generating air
Generating mantle
Creating the heavens
### BEGINNING THE SIMULATION ###
Starting step 0
Setting variables
Loading recipes
Validating point recipes
Validating lateral recipes
Generating grid
Generating terrain
Generating water
Generating air
Generating mantle
Creating the heavens
### BEGINNING THE SIMULATION ###
Starting step 0
Setting variables
Loading recipes
Validating point recipes
Validating lateral recipes
Generating grid
Generating terrain
Generating water
Generating air
Generating mantle
Creating the heavens
### BEGINNING THE SIMULATION ###
Starting step 0
Setting variables
Loading recipes
Validating point recipes
Validating lateral recipes
Generating grid
Generating terrain
Generating water
Generating air
Generating mantle
Creating the heavens
### BEGINNING THE SIMULATION ###
Starting step 0
Setting variables
Loading recipes
Validating point recipes
Validating lateral recipes
Generating grid
Generating terrain
Generating water
Generating air
Generating mantle
Creating the heavens
### BEGINNING THE SIMULATION ###
Starting step 0
Setting variables
Loading recipes
Validating point recipes
Validating lateral recipes
Generating grid
Generating terrain
Generating water
Generating air
Generating mantle
Creating the heavens
### BEGINNING THE SIMULATION ###
Starting step 0
Setting variables
Loading recipes
Validating point recipes
Validating lateral recipes
Generating grid
Generating terrain
Generating water
Generating air
Generating mantle
Creating the heavens
### BEGINNING THE SIMULATION ###
Starting step 0
Starting step 1
Starting step 2
Setting variables
Loading recipes
Validating point recipes
Validating lateral recipes
Generating grid
Generating terrain
Generating water
Generating air
Generating mantle
Creating the heavens
### BEGINNING THE SIMULATION ###
Starting step 0
Setting variables
Loading recipes
Validating point recipes
Validating lateral recipes
Generating grid
Generating terrain
Generating water
Generating air
Generating mantle
Creating the heavens
### BEGINNING THE SIMULATION ###
Starting step 0
Starting step 1
Starting step 2
Setting variables
Loading recipes
Validating point recipes
Validating lateral recipes
Generating grid
Generating terrain
Generating water
Generating air
Generating mantle
Creating the heavens
### BEGINNING THE SIMULATION ###
Starting step 0
Starting step 1
Starting step 2
